01:34:01,656 DEBUG logging:38 - Logging Provider: org.jboss.logging.Log4jLoggerProvider
01:34:01,849  INFO LogHelper:31 - HHH000204: Processing PersistenceUnitInfo [name: hibernate-postgresql]
01:34:01,947  INFO Version:44 - HHH000412: Hibernate ORM core version 6.5.2.Final
01:34:02,004 DEBUG RegionFactoryInitiator:122 - Cannot default RegionFactory based on registered strategies as `[]` RegionFactory strategies were registered
01:34:02,006  INFO RegionFactoryInitiator:50 - HHH000026: Second-level cache disabled
01:34:02,294  WARN pooling:81 - HHH10001002: Using built-in connection pool (not intended for production use)
01:34:02,300  INFO pooling:136 - HHH10001005: Loaded JDBC driver class: org.postgresql.Driver
01:34:02,300  INFO pooling:158 - HHH10001012: Connecting with JDBC URL [jdbc:postgresql://localhost:5432/pob]
01:34:02,301  INFO pooling:167 - HHH10001001: Connection properties: {password=****, user=postgres}
01:34:02,301  INFO pooling:171 - HHH10001003: Autocommit mode: false
01:34:02,304  INFO pooling:372 - HHH10001115: Connection pool size: 20 (min=1)
01:34:04,598  INFO JtaPlatformInitiator:59 - HHH000489: No JTA platform available (set 'hibernate.transaction.jta.platform' to enable JTA platform integration)
01:34:04,645  INFO access:52 - HHH10001501: Connection obtained from JdbcConnectionAccess [org.hibernate.engine.jdbc.env.internal.JdbcEnvironmentInitiator$ConnectionProviderJdbcConnectionAccess@724bf25f] for (non-JTA) DDL execution was not in auto-commit mode; the Connection 'local transaction' will be committed and the Connection will be set into auto-commit mode.
01:34:04,711 DEBUG SQL:135 - create table Assunto (id integer generated by default as identity, nome varchar(255), primary key (id))
01:34:04,731 DEBUG SQL:135 - create table Assunto_Noticia (assuntos_id integer not null, noticias_id integer not null)
01:34:04,735 DEBUG SQL:135 - create table Noticia (id integer generated by default as identity, comentarios varchar(255) array, data varchar(255), linkWeb varchar(255), titulo varchar(255), primary key (id))
01:34:04,747 DEBUG SQL:135 - alter table if exists Assunto_Noticia add constraint FKn4a21hbehblycinr9exo5ktdo foreign key (noticias_id) references Noticia
01:34:04,754 DEBUG SQL:135 - alter table if exists Assunto_Noticia add constraint FKj8ytdmulnhfi6nh2dk0ucvfr8 foreign key (assuntos_id) references Assunto
01:34:04,812 DEBUG Util:21 - -------- conectou banco
01:34:04,852 DEBUG SQL:135 - insert into Assunto (nome) values (?) returning id
01:34:04,857 TRACE bind:24 - binding parameter (1:VARCHAR) <- [Brasil]
01:34:04,884 DEBUG SQL:135 - insert into Assunto (nome) values (?) returning id
01:34:04,884 TRACE bind:24 - binding parameter (1:VARCHAR) <- [Tecnologia]
01:34:04,886 DEBUG SQL:135 - insert into Assunto (nome) values (?) returning id
01:34:04,886 TRACE bind:24 - binding parameter (1:VARCHAR) <- [Política]
01:34:04,887 DEBUG SQL:135 - insert into Assunto (nome) values (?) returning id
01:34:04,887 TRACE bind:24 - binding parameter (1:VARCHAR) <- [Esporte]
01:34:04,889 DEBUG SQL:135 - insert into Assunto (nome) values (?) returning id
01:34:04,889 TRACE bind:24 - binding parameter (1:VARCHAR) <- [Saude]
01:34:04,890 DEBUG SQL:135 - insert into Assunto (nome) values (?) returning id
01:34:04,890 TRACE bind:24 - binding parameter (1:VARCHAR) <- [Economia]
01:34:04,919 DEBUG SQL:135 - insert into Noticia (comentarios,data,linkWeb,titulo) values (?,?,?,?) returning id
01:34:04,920 TRACE bind:24 - binding parameter (1:ARRAY) <- [[Muito interessante essa IA!, A tecnologia está avançando muito rápido., kkkk já já elas se revoltam e aí eu quero ver, Tenho medo de perder meu emprego para uma IA...]]
01:34:04,926 TRACE bind:24 - binding parameter (2:VARCHAR) <- [2025-02-19]
01:34:04,926 TRACE bind:24 - binding parameter (3:VARCHAR) <- [https://technews.com/ia]
01:34:04,926 TRACE bind:24 - binding parameter (4:VARCHAR) <- [Nova IA revoluciona mercado]
01:34:04,933 DEBUG SQL:135 - insert into Assunto_Noticia (assuntos_id,noticias_id) values (?,?)
01:34:04,933 TRACE bind:24 - binding parameter (1:INTEGER) <- [1]
01:34:04,933 TRACE bind:24 - binding parameter (2:INTEGER) <- [1]
01:34:04,936 DEBUG SQL:135 - insert into Assunto_Noticia (assuntos_id,noticias_id) values (?,?)
01:34:04,936 TRACE bind:24 - binding parameter (1:INTEGER) <- [2]
01:34:04,937 TRACE bind:24 - binding parameter (2:INTEGER) <- [1]
01:34:04,939 DEBUG SQL:135 - insert into Noticia (comentarios,data,linkWeb,titulo) values (?,?,?,?) returning id
01:34:04,939 TRACE bind:24 - binding parameter (1:ARRAY) <- [[Será uma eleição difícil!, A política está cada vez mais polarizada., Esse careca acha que é o dono do Brasil.]]
01:34:04,940 TRACE bind:24 - binding parameter (2:VARCHAR) <- [2025-02-19]
01:34:04,940 TRACE bind:24 - binding parameter (3:VARCHAR) <- [https://news.com/politica]
01:34:04,940 TRACE bind:24 - binding parameter (4:VARCHAR) <- [Eleições e os novos desafios]
01:34:04,943 DEBUG SQL:135 - delete from Assunto_Noticia where assuntos_id=?
01:34:04,943 TRACE bind:24 - binding parameter (1:INTEGER) <- [1]
01:34:04,944 DEBUG SQL:135 - insert into Assunto_Noticia (assuntos_id,noticias_id) values (?,?)
01:34:04,945 TRACE bind:24 - binding parameter (1:INTEGER) <- [1]
01:34:04,945 TRACE bind:24 - binding parameter (2:INTEGER) <- [1]
01:34:04,946 DEBUG SQL:135 - insert into Assunto_Noticia (assuntos_id,noticias_id) values (?,?)
01:34:04,946 TRACE bind:24 - binding parameter (1:INTEGER) <- [1]
01:34:04,947 TRACE bind:24 - binding parameter (2:INTEGER) <- [2]
01:34:04,948 DEBUG SQL:135 - insert into Assunto_Noticia (assuntos_id,noticias_id) values (?,?)
01:34:04,948 TRACE bind:24 - binding parameter (1:INTEGER) <- [3]
01:34:04,948 TRACE bind:24 - binding parameter (2:INTEGER) <- [2]
01:34:04,951 DEBUG SQL:135 - insert into Noticia (comentarios,data,linkWeb,titulo) values (?,?,?,?) returning id
01:34:04,951 TRACE bind:24 - binding parameter (1:ARRAY) <- [[Que final! Incrível!, Espero que o próximo campeonato seja ainda melhor.]]
01:34:04,952 TRACE bind:24 - binding parameter (2:VARCHAR) <- [2025-02-19]
01:34:04,952 TRACE bind:24 - binding parameter (3:VARCHAR) <- [https://sports.com/final]
01:34:04,952 TRACE bind:24 - binding parameter (4:VARCHAR) <- [Final do campeonato emocionante]
01:34:04,954 DEBUG SQL:135 - delete from Assunto_Noticia where assuntos_id=?
01:34:04,955 TRACE bind:24 - binding parameter (1:INTEGER) <- [1]
01:34:04,956 DEBUG SQL:135 - insert into Assunto_Noticia (assuntos_id,noticias_id) values (?,?)
01:34:04,956 TRACE bind:24 - binding parameter (1:INTEGER) <- [1]
01:34:04,956 TRACE bind:24 - binding parameter (2:INTEGER) <- [1]
01:34:04,957 DEBUG SQL:135 - insert into Assunto_Noticia (assuntos_id,noticias_id) values (?,?)
01:34:04,957 TRACE bind:24 - binding parameter (1:INTEGER) <- [1]
01:34:04,957 TRACE bind:24 - binding parameter (2:INTEGER) <- [2]
01:34:04,958 DEBUG SQL:135 - insert into Assunto_Noticia (assuntos_id,noticias_id) values (?,?)
01:34:04,958 TRACE bind:24 - binding parameter (1:INTEGER) <- [1]
01:34:04,959 TRACE bind:24 - binding parameter (2:INTEGER) <- [3]
01:34:04,959 DEBUG SQL:135 - insert into Assunto_Noticia (assuntos_id,noticias_id) values (?,?)
01:34:04,959 TRACE bind:24 - binding parameter (1:INTEGER) <- [4]
01:34:04,960 TRACE bind:24 - binding parameter (2:INTEGER) <- [3]
01:34:04,960 DEBUG SQL:135 - insert into Assunto_Noticia (assuntos_id,noticias_id) values (?,?)
01:34:04,960 TRACE bind:24 - binding parameter (1:INTEGER) <- [5]
01:34:04,961 TRACE bind:24 - binding parameter (2:INTEGER) <- [3]
01:34:04,962 DEBUG SQL:135 - insert into Noticia (comentarios,data,linkWeb,titulo) values (?,?,?,?) returning id
01:34:04,962 TRACE bind:24 - binding parameter (1:ARRAY) <- [[Great opportunity!, Stock market on the rise! Investors are optimistic as markets show strong performance this week.]]
01:34:04,963 TRACE bind:24 - binding parameter (2:VARCHAR) <- [2025-02-19]
01:34:04,963 TRACE bind:24 - binding parameter (3:VARCHAR) <- [https://economy.com/]
01:34:04,963 TRACE bind:24 - binding parameter (4:VARCHAR) <- [Stock exchange in the USA]
01:34:04,965 DEBUG SQL:135 - insert into Assunto_Noticia (assuntos_id,noticias_id) values (?,?)
01:34:04,965 TRACE bind:24 - binding parameter (1:INTEGER) <- [6]
01:34:04,966 TRACE bind:24 - binding parameter (2:INTEGER) <- [4]
01:34:04,968  INFO pooling:607 - HHH10001008: Cleaning up connection pool [jdbc:postgresql://localhost:5432/pob]
01:34:04,970 DEBUG Util:31 - -------- desconectou banco
